<?xml version="1.0" encoding="UTF-8"?>
<!-- Generated by org.testng.reporters.JUnitReportReporter -->
<testsuite hostname="gani" failures="0" tests="1" name="contacts.CreateContactWithLeadSourceTest" time="18.889" errors="0" timestamp="2024-09-15T23:00:53 IST" skipped="0">
  <testcase classname="contacts.CreateContactWithLeadSourceTest" name="createContactWithLeadSource" time="18.889"/>
</testsuite> <!-- contacts.CreateContactWithLeadSourceTest -->
