<?xml version="1.0" encoding="UTF-8"?>
<!-- Generated by org.testng.reporters.JUnitReportReporter -->
<testsuite hostname="gani" failures="0" tests="1" name="contacts.DeleteAllContactsTest" time="15.756" errors="0" timestamp="2025-03-27T17:12:03 IST" skipped="0">
  <testcase classname="contacts.DeleteAllContactsTest" name="deleteAllContacts" time="15.756"/>
</testsuite> <!-- contacts.DeleteAllContactsTest -->
