<?xml version="1.0" encoding="UTF-8"?>
<!-- Generated by org.testng.reporters.JUnitReportReporter -->
<testsuite hostname="gani" failures="0" tests="1" name="contacts.CreateContactUsingCommonDataAndTestDataTest" time="47.016" errors="0" timestamp="2025-03-13T22:17:41 IST" skipped="0">
  <testcase classname="contacts.CreateContactUsingCommonDataAndTestDataTest" name="createContactUsingCommonDataAndTestData" time="47.016"/>
</testsuite> <!-- contacts.CreateContactUsingCommonDataAndTestDataTest -->
