<?xml version="1.0" encoding="UTF-8"?>
<!-- Generated by org.testng.reporters.JUnitReportReporter -->
<testsuite hostname="gani" failures="0" tests="1" name="contacts.CreateContactWithLeadSource" time="16.233" errors="0" timestamp="2024-09-01T18:17:14 IST" skipped="0">
  <testcase classname="contacts.CreateContactWithLeadSource" name="createContactWithLeadSource" time="16.233"/>
</testsuite> <!-- contacts.CreateContactWithLeadSource -->
