<?xml version="1.0" encoding="UTF-8"?>
<!-- Generated by org.testng.reporters.JUnitReportReporter -->
<testsuite hostname="gani" failures="0" tests="2" name="practice.ReadDataFromCMDlimeTest" time="0.009" errors="0" timestamp="2025-03-15T14:29:03 IST" skipped="0">
  <testcase classname="practice.ReadDataFromCMDlimeTest" name="sample" time="0.002"/>
  <testcase classname="practice.ReadDataFromCMDlimeTest" name="read" time="0.007"/>
</testsuite> <!-- practice.ReadDataFromCMDlimeTest -->
