<?xml version="1.0" encoding="UTF-8"?>
<!-- Generated by org.testng.reporters.JUnitReportReporter -->
<testsuite hostname="gani" failures="0" tests="1" name="leads.CreateLeadsTest" time="18.056" errors="0" timestamp="2025-03-27T18:08:46 IST" skipped="0">
  <testcase classname="leads.CreateLeadsTest" name="createLeads" time="18.056"/>
</testsuite> <!-- leads.CreateLeadsTest -->
