<?xml version="1.0" encoding="UTF-8"?>
<!-- Generated by org.testng.reporters.JUnitReportReporter -->
<testsuite hostname="gani" failures="0" tests="1" name="contacts.CreateContactWithLeadSourceTest" time="18.121" errors="0" timestamp="2025-03-09T21:44:59 IST" skipped="0">
  <testcase classname="contacts.CreateContactWithLeadSourceTest" name="createContactWithLeadSource" time="18.121"/>
</testsuite> <!-- contacts.CreateContactWithLeadSourceTest -->
