<?xml version="1.0" encoding="UTF-8"?>
<!-- Generated by org.testng.reporters.JUnitReportReporter -->
<testsuite hostname="gani" failures="0" tests="1" name="contacts.DeleteAllContactsTest" time="30.009" errors="0" timestamp="2024-09-11T13:17:17 IST" skipped="0">
  <testcase classname="contacts.DeleteAllContactsTest" name="deleteAllContacts" time="30.009"/>
</testsuite> <!-- contacts.DeleteAllContactsTest -->
