<?xml version="1.0" encoding="UTF-8"?>
<!-- Generated by org.testng.reporters.JUnitReportReporter -->
<testsuite hostname="gani" failures="0" tests="1" name="leads.DeleteFirstLeadTest" time="14.225" errors="0" timestamp="2025-03-07T19:33:30 IST" skipped="0">
  <testcase classname="leads.DeleteFirstLeadTest" name="deleteFirstLead" time="14.225"/>
</testsuite> <!-- leads.DeleteFirstLeadTest -->
