<?xml version="1.0" encoding="UTF-8"?>
<!-- Generated by org.testng.reporters.JUnitReportReporter -->
<testsuite hostname="gani" failures="0" tests="1" name="leads.CreateLeadsTest" time="18.965" errors="0" timestamp="2025-03-07T19:33:30 IST" skipped="0">
  <testcase classname="leads.CreateLeadsTest" name="createLeads" time="18.965"/>
</testsuite> <!-- leads.CreateLeadsTest -->
