<?xml version="1.0" encoding="UTF-8"?>
<!-- Generated by org.testng.reporters.JUnitReportReporter -->
<testsuite hostname="gani" failures="0" tests="1" name="leads.CreateLeads" time="21.679" errors="0" timestamp="2024-08-11T19:28:29 IST" skipped="0">
  <testcase classname="leads.CreateLeads" name="createLeads" time="21.679"/>
</testsuite> <!-- leads.CreateLeads -->
