<?xml version="1.0" encoding="UTF-8"?>
<!-- Generated by org.testng.reporters.JUnitReportReporter -->
<testsuite hostname="gani" failures="0" tests="1" name="leads.DeleteFirstLeadTest" time="14.842" errors="0" timestamp="2025-03-27T18:08:46 IST" skipped="0">
  <testcase classname="leads.DeleteFirstLeadTest" name="deleteFirstLead" time="14.842"/>
</testsuite> <!-- leads.DeleteFirstLeadTest -->
