<?xml version="1.0" encoding="UTF-8"?>
<!-- Generated by org.testng.reporters.JUnitReportReporter -->
<testsuite hostname="gani" failures="0" tests="1" name="contacts.DeleteAllContactsTest" time="20.416" errors="0" timestamp="2024-09-15T23:00:53 IST" skipped="0">
  <testcase classname="contacts.DeleteAllContactsTest" name="deleteAllContacts" time="20.416"/>
</testsuite> <!-- contacts.DeleteAllContactsTest -->
