<?xml version="1.0" encoding="UTF-8"?>
<!-- Generated by org.testng.reporters.JUnitReportReporter -->
<testsuite hostname="gani" failures="0" tests="1" name="contacts.DeleteAllContactsTest" time="16.763" errors="0" timestamp="2025-03-09T21:44:59 IST" skipped="0">
  <testcase classname="contacts.DeleteAllContactsTest" name="deleteAllContacts" time="16.763"/>
</testsuite> <!-- contacts.DeleteAllContactsTest -->
