<?xml version="1.0" encoding="UTF-8"?>
<!-- Generated by org.testng.reporters.JUnitReportReporter -->
<testsuite hostname="gani" failures="0" tests="1" name="contacts.DeleteAllContacts" time="15.128" errors="0" timestamp="2024-09-01T18:17:14 IST" skipped="0">
  <testcase classname="contacts.DeleteAllContacts" name="deleteAllContacts" time="15.128"/>
</testsuite> <!-- contacts.DeleteAllContacts -->
